#
# A fatal error has been detected by the Java Runtime Environment:
#
#  SIGILL (0x4) at pc=0x000000010fe83a66, pid=43052, tid=0x0000000000002f03
#
# JRE version: OpenJDK Runtime Environment (8.0) (build 1.8.0-internal-etor_2021_03_20_18_42-b00)
# Java VM: OpenJDK 64-Bit Server VM (25.71-b00 mixed mode bsd-amd64 compressed oops)
# Problematic frame:
# V  [libjvm.dylib+0x483a66]  PerfDataManager::destroy()+0xca
#
# Failed to write core dump. Core dumps have been disabled. To enable core dumping, try "ulimit -c unlimited" before starting Java again
#
# If you would like to submit a bug report, please visit:
#   http://bugreport.java.com/bugreport/crash.jsp
#

---------------  T H R E A D  ---------------

Current thread (0x00007f8425814000):  VMThread [stack: 0x00007000102f7000,0x00007000103f7000] [id=12035]

siginfo: si_signo: 4 (SIGILL), si_code: 1 (ILL_ILLOPC), si_addr: 0x000000010fe83a66

Registers:
RAX=0x0000000000000101, RBX=0x00007f8423f041b0, RCX=0x00007f842a019200, RDX=0x0000000000000000
RSP=0x00007000103f6b10, RBP=0x00007000103f6b20, RSI=0x0000000000000000, RDI=0x000000000000003c
R8 =0x0000000000000000, R9 =0x00000000000f4240, R10=0x0000000000000001, R11=0x0000000000000247
R12=0x00000001100a38e0, R13=0x00000001100bbca0, R14=0x00007000103f6b88, R15=0x0000000000000004
RIP=0x000000010fe83a66, EFLAGS=0x0000000000010206, ERR=0x0000000000000000
  TRAPNO=0x0000000000000006

Top of Stack: (sp=0x00007000103f6b10)
0x00007000103f6b10:   0000000000000000 000070000fadb738
0x00007000103f6b20:   00007000103f6b30 000000010fe84ace
0x00007000103f6b30:   00007000103f6b50 000000010fc8d8c6
0x00007000103f6b40:   0000000000000000 000070000fadb738
0x00007000103f6b50:   00007000103f6b70 000000010ff72fa3
0x00007000103f6b60:   000000011009dc60 000070000fadb738
0x00007000103f6b70:   00007000103f6bc0 000000010ff72634
0x00007000103f6b80:   00007000103f6b90 00007f8423d0ea60
0x00007000103f6b90:   00007f8423d09c20 00007f8423d09c30
0x00007000103f6ba0:   00007f8423d0a008 00000000000003d8
0x00007000103f6bb0:   000070000fadb738 000000010ffd9047
0x00007000103f6bc0:   00007000103f6c70 000000010ff72013
0x00007000103f6bd0:   00007000103f6c20 00007f8423d0ea60
0x00007000103f6be0:   00007f8423d09c20 00007f8423d09c30
0x00007000103f6bf0:   00007f8423d0a008 00000000000003d8
0x00007000103f6c00:   0000000000000000 00000000069cbad9
0x00007000103f6c10:   00000001100c8301 00007f8423d0fba0
0x00007000103f6c20:   0000000000000000 000000010feb3b00
0x00007000103f6c30:   0000000000000000 0000000000000000
0x00007000103f6c40:   0000000900000018 0000000000000000
0x00007000103f6c50:   00000001100c4011 000000010ffd8c8c
0x00007000103f6c60:   00007000103f6cc0 0000000000000000
0x00007000103f6c70:   00007000103f6f00 000000010ff71a24
0x00007000103f6c80:   00007f8425814000 00007f8423d0ef70
0x00007000103f6c90:   00007f8423d0efb0 00007f8423d0efc0
0x00007000103f6ca0:   00007f8423d0f098 00000000000000d8
0x00007000103f6cb0:   00007f8423d0f190 00007f8423d07890
0x00007000103f6cc0:   0000000000000000 0000000000000003
0x00007000103f6cd0:   0000000000000000 00007fff68d52a3d
0x00007000103f6ce0:   0000000000000014 000000010e8bca00
0x00007000103f6cf0:   0000000000000000 000000010e8ba080
0x00007000103f6d00:   0000000000000014 000000010e8bca00 

Instructions: (pc=0x000000010fe83a66)
0x000000010fe83a46:   fd ff 31 c0 48 89 05 c7 53 24 00 48 89 05 c8 53
0x000000010fe83a56:   24 00 48 89 05 c9 53 24 00 48 83 c4 08 5b 5d c3
0x000000010fe83a66:   0f 0b 55 48 89 e5 5d e9 d8 0b 00 00 55 48 89 e5
0x000000010fe83a76:   41 57 41 56 41 54 53 48 83 ec 10 41 89 f7 49 89 

Register to memory mapping:

RAX=0x0000000000000101 is an unknown value
RBX=0x00007f8423f041b0 is an unknown value
RCX=0x00007f842a019200 is an unknown value
RDX=0x0000000000000000 is an unknown value
RSP=0x00007000103f6b10 is an unknown value
RBP=0x00007000103f6b20 is an unknown value
RSI=0x0000000000000000 is an unknown value
RDI=0x000000000000003c is an unknown value
R8 =0x0000000000000000 is an unknown value
R9 =0x00000000000f4240 is an unknown value
R10=0x0000000000000001 is an unknown value
R11=0x0000000000000247 is an unknown value
R12=0x00000001100a38e0: UsePerfData+0 in /Users/wetor/jdk8u/build/macosx-x86_64-normal-server-release/jdk/lib/server/libjvm.dylib at 0x000000010fa00000
R13=0x00000001100bbca0: _ZN12VM_Operation6_namesE+0 in /Users/wetor/jdk8u/build/macosx-x86_64-normal-server-release/jdk/lib/server/libjvm.dylib at 0x000000010fa00000
R14=0x00007000103f6b88 is an unknown value
R15=0x0000000000000004 is an unknown value


Stack: [0x00007000102f7000,0x00007000103f7000],  sp=0x00007000103f6b10,  free space=1022k
Native frames: (J=compiled Java code, j=interpreted, Vv=VM code, C=native code)
V  [libjvm.dylib+0x483a66]  PerfDataManager::destroy()+0xca
V  [libjvm.dylib+0x484ace]  perfMemory_exit()+0x3c
V  [libjvm.dylib+0x28d8c6]  exit_globals()+0x1c
V  [libjvm.dylib+0x572fa3]  VM_Exit::doit()+0x1d
V  [libjvm.dylib+0x572634]  VM_Operation::evaluate()+0x46
V  [libjvm.dylib+0x572013]  VMThread::evaluate_operation(VM_Operation*)+0x145
V  [libjvm.dylib+0x571a24]  VMThread::loop()+0xc0
V  [libjvm.dylib+0x571859]  VMThread::run()+0x85
V  [libjvm.dylib+0x45bfe7]  java_start(Thread*)+0xfa
C  [libsystem_pthread.dylib+0x6109]  _pthread_start+0x94
C  [libsystem_pthread.dylib+0x1b8b]  thread_start+0xf

VM_Operation (0x000070000fadb738): Exit, mode: safepoint, requested by thread 0x00007f8426009000


---------------  P R O C E S S  ---------------

Java Threads: ( => current thread )
  0x00007f8424032800 JavaThread "Service Thread" daemon [_thread_blocked, id=16131, stack(0x0000700010c15000,0x0000700010d15000)]
  0x00007f842604b000 JavaThread "C1 CompilerThread3" daemon [_thread_blocked, id=15619, stack(0x0000700010b12000,0x0000700010c12000)]
  0x00007f842402f800 JavaThread "C2 CompilerThread2" daemon [_thread_blocked, id=16899, stack(0x0000700010a0f000,0x0000700010b0f000)]
  0x00007f842402f000 JavaThread "C2 CompilerThread1" daemon [_thread_blocked, id=17411, stack(0x000070001090c000,0x0000700010a0c000)]
  0x00007f8425832800 JavaThread "C2 CompilerThread0" daemon [_thread_blocked, id=17923, stack(0x0000700010809000,0x0000700010909000)]
  0x00007f8425831800 JavaThread "Signal Dispatcher" daemon [_thread_blocked, id=18179, stack(0x0000700010706000,0x0000700010806000)]
  0x00007f842581b800 JavaThread "Finalizer" daemon [_thread_blocked, id=19459, stack(0x00007000104fd000,0x00007000105fd000)]
  0x00007f842581a800 JavaThread "Reference Handler" daemon [_thread_blocked, id=12291, stack(0x00007000103fa000,0x00007000104fa000)]
  0x00007f8426009000 JavaThread "main" [_thread_blocked, id=6915, stack(0x000070000f9dc000,0x000070000fadc000)]

Other Threads:
=>0x00007f8425814000 VMThread [stack: 0x00007000102f7000,0x00007000103f7000] [id=12035]

VM state:at safepoint (shutting down)

VM Mutex/Monitor currently owned by a thread:  ([mutex/lock_event])
[0x00007f8423d07810] Threads_lock - owner thread: 0x00007f8425814000

heap address: 0x00000006c0000000, size: 4096 MB, Compressed Oops mode: Zero based, Oop shift amount: 3
Narrow klass base: 0x0000000000000000, Narrow klass shift: 3
Compressed class space size: 1073741824 Address: 0x00000007c0000000

Heap:
 PSYoungGen      total 2048K, used 976K [0x000000076ab00000, 0x000000076ad80000, 0x00000007c0000000)
  eden space 1536K, 63% used [0x000000076ab00000,0x000000076abf41d0,0x000000076ac80000)
  from space 512K, 0% used [0x000000076ad00000,0x000000076ad00000,0x000000076ad80000)
  to   space 512K, 0% used [0x000000076ac80000,0x000000076ac80000,0x000000076ad00000)
 ParOldGen       total 5632K, used 0K [0x00000006c0000000, 0x00000006c0580000, 0x000000076ab00000)
  object space 5632K, 0% used [0x00000006c0000000,0x00000006c0000000,0x00000006c0580000)
 Metaspace       used 3328K, capacity 4480K, committed 4480K, reserved 1056768K
  class space    used 369K, capacity 384K, committed 384K, reserved 1048576K

Card table byte_map: [0x0000000110adb000,0x00000001112dc000] byte_map_base: 0x000000010d4db000

Marking Bits: (ParMarkBitMap*) 0x00000001100c9158
 Begin Bits: [0x0000000126fb8000, 0x000000012afb8000)
 End Bits:   [0x000000012afb8000, 0x000000012efb8000)

Polling page: 0x000000010e95c000

CodeCache: size=245760Kb used=1119Kb max_used=1131Kb free=244640Kb
 bounds [0x0000000117fb8000, 0x0000000118228000, 0x0000000126fb8000]
 total_blobs=270 nmethods=29 adapters=156
 compilation: enabled

Compilation events (10 events):
Event: 0.108 Thread 0x00007f842604b000 nmethod 25 0x00000001180cfa50 code [0x00000001180cfcc0, 0x00000001180d0f78]
Event: 0.108 Thread 0x00007f842604b000   28       3       java.util.HashMap::newNode (13 bytes)
Event: 0.108 Thread 0x00007f842604b000 nmethod 28 0x00000001180cd6d0 code [0x00000001180cd840, 0x00000001180cdaf0]
Event: 0.108 Thread 0x00007f842604b000   29       3       java.util.HashMap::afterNodeInsertion (1 bytes)
Event: 0.108 Thread 0x00007f842604b000 nmethod 29 0x00000001180cd3d0 code [0x00000001180cd520, 0x00000001180cd670]
Event: 0.108 Thread 0x00007f842604b000   24       3       java.util.HashMap::put (13 bytes)
Event: 0.108 Thread 0x00007f842604b000 nmethod 24 0x00000001180ccd50 code [0x00000001180ccee0, 0x00000001180cd298]
Event: 0.108 Thread 0x00007f842604b000   26       3       java.util.HashMap$Node::<init> (26 bytes)
Event: 0.108 Thread 0x00007f842604b000 nmethod 26 0x00000001180cc910 code [0x00000001180cca80, 0x00000001180ccc70]
Event: 0.109 Thread 0x00007f842402f800 nmethod 27 0x00000001180d2ed0 code [0x00000001180d3020, 0x00000001180d3198]

GC Heap History (0 events):
No events

Deoptimization events (0 events):
No events

Classes redefined (0 events):
No events

Internal exceptions (10 events):
Event: 0.074 Thread 0x00007f8426009000 Exception <a 'java/security/PrivilegedActionException'> (0x000000076ab63f10) thrown at [/Users/wetor/jdk8u/hotspot/src/share/vm/prims/jvm.cpp, line 1502]
Event: 0.074 Thread 0x00007f8426009000 Exception <a 'java/security/PrivilegedActionException'> (0x000000076ab64308) thrown at [/Users/wetor/jdk8u/hotspot/src/share/vm/prims/jvm.cpp, line 1502]
Event: 0.074 Thread 0x00007f8426009000 Exception <a 'java/security/PrivilegedActionException'> (0x000000076ab652d8) thrown at [/Users/wetor/jdk8u/hotspot/src/share/vm/prims/jvm.cpp, line 1502]
Event: 0.074 Thread 0x00007f8426009000 Exception <a 'java/security/PrivilegedActionException'> (0x000000076ab656d0) thrown at [/Users/wetor/jdk8u/hotspot/src/share/vm/prims/jvm.cpp, line 1502]
Event: 0.074 Thread 0x00007f8426009000 Exception <a 'java/security/PrivilegedActionException'> (0x000000076ab66660) thrown at [/Users/wetor/jdk8u/hotspot/src/share/vm/prims/jvm.cpp, line 1502]
Event: 0.074 Thread 0x00007f8426009000 Exception <a 'java/security/PrivilegedActionException'> (0x000000076ab66a58) thrown at [/Users/wetor/jdk8u/hotspot/src/share/vm/prims/jvm.cpp, line 1502]
Event: 0.078 Thread 0x00007f8426009000 Exception <a 'java/security/PrivilegedActionException'> (0x000000076ab6bfd0) thrown at [/Users/wetor/jdk8u/hotspot/src/share/vm/prims/jvm.cpp, line 1502]
Event: 0.078 Thread 0x00007f8426009000 Exception <a 'java/security/PrivilegedActionException'> (0x000000076ab6c3c8) thrown at [/Users/wetor/jdk8u/hotspot/src/share/vm/prims/jvm.cpp, line 1502]
Event: 0.078 Thread 0x00007f8426009000 Exception <a 'java/security/PrivilegedActionException'> (0x000000076ab6d300) thrown at [/Users/wetor/jdk8u/hotspot/src/share/vm/prims/jvm.cpp, line 1502]
Event: 0.078 Thread 0x00007f8426009000 Exception <a 'java/security/PrivilegedActionException'> (0x000000076ab6d6f8) thrown at [/Users/wetor/jdk8u/hotspot/src/share/vm/prims/jvm.cpp, line 1502]

Events (10 events):
Event: 0.110 loading class java/text/AttributedCharacterIterator$Attribute done
Event: 0.110 loading class java/text/Format$Field done
Event: 0.110 loading class java/text/MessageFormat$Field done
Event: 0.110 loading class com/sun/tools/javac/main/Main$Result
Event: 0.111 loading class com/sun/tools/javac/main/Main$Result done
Event: 0.111 loading class java/lang/Shutdown
Event: 0.111 loading class java/lang/Shutdown done
Event: 0.111 loading class java/lang/Shutdown$Lock
Event: 0.111 loading class java/lang/Shutdown$Lock done
Event: 0.111 Executing VM operation: Exit


Dynamic libraries:
0x00007fff2dd9f000 	/System/Library/Frameworks/Cocoa.framework/Versions/A/Cocoa
0x00007fff3b596000 	/System/Library/Frameworks/Security.framework/Versions/A/Security
0x00007fff2cd04000 	/System/Library/Frameworks/ApplicationServices.framework/Versions/A/ApplicationServices
0x00007fff680ba000 	/usr/lib/libz.1.dylib
0x00007fff65b7e000 	/usr/lib/libSystem.B.dylib
0x00007fff2ec41000 	/System/Library/Frameworks/CoreFoundation.framework/Versions/A/CoreFoundation
0x00007fff312fe000 	/System/Library/Frameworks/Foundation.framework/Versions/C/Foundation
0x00007fff679de000 	/usr/lib/libobjc.A.dylib
0x00007fff2bef4000 	/System/Library/Frameworks/AppKit.framework/Versions/C/AppKit
0x00007fff2e723000 	/System/Library/Frameworks/CoreData.framework/Versions/A/CoreData
0x00007fff5fb93000 	/System/Library/PrivateFrameworks/UIFoundation.framework/Versions/A/UIFoundation
0x00007fff5ac27000 	/System/Library/PrivateFrameworks/RemoteViewServices.framework/Versions/A/RemoteViewServices
0x00007fff626ee000 	/System/Library/PrivateFrameworks/XCTTargetBootstrap.framework/Versions/A/XCTTargetBootstrap
0x00007fff2eb0e000 	/System/Library/Frameworks/CoreDisplay.framework/Versions/A/CoreDisplay
0x00007fff341b9000 	/System/Library/Frameworks/Metal.framework/Versions/A/Metal
0x00007fff48c2a000 	/System/Library/PrivateFrameworks/DesktopServicesPriv.framework/Versions/A/DesktopServicesPriv
0x00007fff66cb9000 	/usr/lib/liblangid.dylib
0x00007fff47ebf000 	/System/Library/PrivateFrameworks/CoreSVG.framework/Versions/A/CoreSVG
0x00007fff5dd83000 	/System/Library/PrivateFrameworks/SkyLight.framework/Versions/A/SkyLight
0x00007fff2f0c2000 	/System/Library/Frameworks/CoreGraphics.framework/Versions/A/CoreGraphics
0x00007fff2a8c8000 	/System/Library/Frameworks/Accelerate.framework/Versions/A/Accelerate
0x00007fff67fab000 	/usr/lib/libxml2.2.dylib
0x00007fff53bb2000 	/System/Library/PrivateFrameworks/IconServices.framework/Versions/A/IconServices
0x00007fff31add000 	/System/Library/Frameworks/IOSurface.framework/Versions/A/IOSurface
0x00007fff656a8000 	/usr/lib/libDiagnosticMessagesClient.dylib
0x00007fff48a84000 	/System/Library/PrivateFrameworks/DFRFoundation.framework/Versions/A/DFRFoundation
0x00007fff66a48000 	/usr/lib/libicucore.A.dylib
0x00007fff2d036000 	/System/Library/Frameworks/AudioToolbox.framework/Versions/A/AudioToolbox
0x00007fff2d119000 	/System/Library/Frameworks/AudioUnit.framework/Versions/A/AudioUnit
0x00007fff65d80000 	/usr/lib/libauto.dylib
0x00007fff48b26000 	/System/Library/PrivateFrameworks/DataDetectorsCore.framework/Versions/A/DataDetectorsCore
0x00007fff2d8c0000 	/System/Library/Frameworks/Carbon.framework/Versions/A/Frameworks/HIToolbox.framework/Versions/A/HIToolbox
0x00007fff3a792000 	/System/Library/Frameworks/QuartzCore.framework/Versions/A/QuartzCore
0x00007fff2dbff000 	/System/Library/Frameworks/Carbon.framework/Versions/A/Frameworks/SpeechRecognition.framework/Versions/A/SpeechRecognition
0x00007fff48598000 	/System/Library/PrivateFrameworks/CoreUI.framework/Versions/A/CoreUI
0x00007fff2e18e000 	/System/Library/Frameworks/CoreAudio.framework/Versions/A/CoreAudio
0x00007fff30fbd000 	/System/Library/Frameworks/DiskArbitration.framework/Versions/A/DiskArbitration
0x00007fff55c02000 	/System/Library/PrivateFrameworks/MultitouchSupport.framework/Versions/A/MultitouchSupport
0x00007fff6690f000 	/usr/lib/libenergytrace.dylib
0x00007fff31a37000 	/System/Library/Frameworks/IOKit.framework/Versions/A/IOKit
0x00007fff30029000 	/System/Library/Frameworks/CoreServices.framework/Versions/A/CoreServices
0x00007fff57dba000 	/System/Library/PrivateFrameworks/PerformanceAnalysis.framework/Versions/A/PerformanceAnalysis
0x00007fff397c5000 	/System/Library/Frameworks/OpenGL.framework/Versions/A/OpenGL
0x00007fff2ddad000 	/System/Library/Frameworks/ColorSync.framework/Versions/A/ColorSync
0x00007fff2f745000 	/System/Library/Frameworks/CoreImage.framework/Versions/A/CoreImage
0x00007fff30a9c000 	/System/Library/Frameworks/CoreText.framework/Versions/A/CoreText
0x00007fff31b6d000 	/System/Library/Frameworks/ImageIO.framework/Versions/A/ImageIO
0x00007fff65e64000 	/usr/lib/libc++.1.dylib
0x00007fff65ee0000 	/usr/lib/libcompression.dylib
0x00007fff659ec000 	/usr/lib/libMobileGestalt.dylib
0x00007fff5f8fd000 	/System/Library/PrivateFrameworks/TextureIO.framework/Versions/A/TextureIO
0x00007fff65ce3000 	/usr/lib/libate.dylib
0x00007fff53dbb000 	/System/Library/PrivateFrameworks/InternationalSupport.framework/Versions/A/InternationalSupport
0x00007fff6897b000 	/usr/lib/system/libcache.dylib
0x00007fff68981000 	/usr/lib/system/libcommonCrypto.dylib
0x00007fff6898d000 	/usr/lib/system/libcompiler_rt.dylib
0x00007fff68995000 	/usr/lib/system/libcopyfile.dylib
0x00007fff6899f000 	/usr/lib/system/libcorecrypto.dylib
0x00007fff68b3e000 	/usr/lib/system/libdispatch.dylib
0x00007fff68b7f000 	/usr/lib/system/libdyld.dylib
0x00007fff68bb6000 	/usr/lib/system/libkeymgr.dylib
0x00007fff68bc4000 	/usr/lib/system/liblaunch.dylib
0x00007fff68bc5000 	/usr/lib/system/libmacho.dylib
0x00007fff68bcb000 	/usr/lib/system/libquarantine.dylib
0x00007fff68bce000 	/usr/lib/system/libremovefile.dylib
0x00007fff68bd0000 	/usr/lib/system/libsystem_asl.dylib
0x00007fff68be8000 	/usr/lib/system/libsystem_blocks.dylib
0x00007fff68be9000 	/usr/lib/system/libsystem_c.dylib
0x00007fff68c71000 	/usr/lib/system/libsystem_configuration.dylib
0x00007fff68c75000 	/usr/lib/system/libsystem_coreservices.dylib
0x00007fff68c79000 	/usr/lib/system/libsystem_darwin.dylib
0x00007fff68c82000 	/usr/lib/system/libsystem_dnssd.dylib
0x00007fff68c8a000 	/usr/lib/system/libsystem_featureflags.dylib
0x00007fff68c8c000 	/usr/lib/system/libsystem_info.dylib
0x00007fff68d07000 	/usr/lib/system/libsystem_m.dylib
0x00007fff68d4f000 	/usr/lib/system/libsystem_malloc.dylib
0x00007fff68d77000 	/usr/lib/system/libsystem_networkextension.dylib
0x00007fff68d85000 	/usr/lib/system/libsystem_notify.dylib
0x00007fff68da3000 	/usr/lib/system/libsystem_sandbox.dylib
0x00007fff68da8000 	/usr/lib/system/libsystem_secinit.dylib
0x00007fff68cda000 	/usr/lib/system/libsystem_kernel.dylib
0x00007fff68d8f000 	/usr/lib/system/libsystem_platform.dylib
0x00007fff68d98000 	/usr/lib/system/libsystem_pthread.dylib
0x00007fff68dab000 	/usr/lib/system/libsystem_symptoms.dylib
0x00007fff68db3000 	/usr/lib/system/libsystem_trace.dylib
0x00007fff68dcb000 	/usr/lib/system/libunwind.dylib
0x00007fff68dd1000 	/usr/lib/system/libxpc.dylib
0x00007fff65eb7000 	/usr/lib/libc++abi.dylib
0x00007fff66cbb000 	/usr/lib/liblzma.5.dylib
0x00007fff66936000 	/usr/lib/libfakelink.dylib
0x00007fff65c70000 	/usr/lib/libarchive.2.dylib
0x00007fff3c647000 	/System/Library/Frameworks/SystemConfiguration.framework/Versions/A/SystemConfiguration
0x00007fff655db000 	/usr/lib/libCRFSuite.dylib
0x00007fff2d4b0000 	/System/Library/Frameworks/CFNetwork.framework/Versions/A/CFNetwork
0x00007fff65e46000 	/usr/lib/libbsm.0.dylib
0x00007fff68bb7000 	/usr/lib/system/libkxld.dylib
0x00007fff42401000 	/System/Library/PrivateFrameworks/AppleFSCompression.framework/Versions/A/AppleFSCompression
0x00007fff661d1000 	/usr/lib/libcoretls.dylib
0x00007fff661e8000 	/usr/lib/libcoretls_cfhelpers.dylib
0x00007fff67a24000 	/usr/lib/libpam.2.dylib
0x00007fff67b59000 	/usr/lib/libsqlite3.dylib
0x00007fff67f98000 	/usr/lib/libxar.1.dylib
0x00007fff65e57000 	/usr/lib/libbz2.1.0.dylib
0x00007fff66957000 	/usr/lib/libiconv.2.dylib
0x00007fff65ecd000 	/usr/lib/libcharset.1.dylib
0x00007fff674c1000 	/usr/lib/libnetwork.dylib
0x00007fff67a2b000 	/usr/lib/libpcap.A.dylib
0x00007fff65c25000 	/usr/lib/libapple_nghttp2.dylib
0x00007fff303e0000 	/System/Library/Frameworks/CoreServices.framework/Versions/A/Frameworks/FSEvents.framework/Versions/A/FSEvents
0x00007fff300b0000 	/System/Library/Frameworks/CoreServices.framework/Versions/A/Frameworks/CarbonCore.framework/Versions/A/CarbonCore
0x00007fff30624000 	/System/Library/Frameworks/CoreServices.framework/Versions/A/Frameworks/Metadata.framework/Versions/A/Metadata
0x00007fff306bd000 	/System/Library/Frameworks/CoreServices.framework/Versions/A/Frameworks/OSServices.framework/Versions/A/OSServices
0x00007fff306eb000 	/System/Library/Frameworks/CoreServices.framework/Versions/A/Frameworks/SearchKit.framework/Versions/A/SearchKit
0x00007fff3002a000 	/System/Library/Frameworks/CoreServices.framework/Versions/A/Frameworks/AE.framework/Versions/A/AE
0x00007fff303e9000 	/System/Library/Frameworks/CoreServices.framework/Versions/A/Frameworks/LaunchServices.framework/Versions/A/LaunchServices
0x00007fff30392000 	/System/Library/Frameworks/CoreServices.framework/Versions/A/Frameworks/DictionaryServices.framework/Versions/A/DictionaryServices
0x00007fff30753000 	/System/Library/Frameworks/CoreServices.framework/Versions/A/Frameworks/SharedFileList.framework/Versions/A/SharedFileList
0x00007fff355e4000 	/System/Library/Frameworks/NetFS.framework/Versions/A/NetFS
0x00007fff56132000 	/System/Library/PrivateFrameworks/NetAuth.framework/Versions/A/NetAuth
0x00007fff62abb000 	/System/Library/PrivateFrameworks/login.framework/Versions/A/Frameworks/loginsupport.framework/Versions/A/loginsupport
0x00007fff5f3c8000 	/System/Library/PrivateFrameworks/TCC.framework/Versions/A/TCC
0x00007fff47032000 	/System/Library/PrivateFrameworks/CoreNLP.framework/Versions/A/CoreNLP
0x00007fff5562f000 	/System/Library/PrivateFrameworks/MetadataUtilities.framework/Versions/A/MetadataUtilities
0x00007fff66d93000 	/usr/lib/libmecabra.dylib
0x00007fff66ceb000 	/usr/lib/libmecab.dylib
0x00007fff66947000 	/usr/lib/libgermantok.dylib
0x00007fff65c0c000 	/usr/lib/libThaiTokenizer.dylib
0x00007fff65612000 	/usr/lib/libChineseTokenizer.dylib
0x00007fff2a8e0000 	/System/Library/Frameworks/Accelerate.framework/Versions/A/Frameworks/vImage.framework/Versions/A/vImage
0x00007fff2bd4a000 	/System/Library/Frameworks/Accelerate.framework/Versions/A/Frameworks/vecLib.framework/Versions/A/vecLib
0x00007fff2bc87000 	/System/Library/Frameworks/Accelerate.framework/Versions/A/Frameworks/vecLib.framework/Versions/A/libvMisc.dylib
0x00007fff2baaf000 	/System/Library/Frameworks/Accelerate.framework/Versions/A/Frameworks/vecLib.framework/Versions/A/libvDSP.dylib
0x00007fff2af37000 	/System/Library/Frameworks/Accelerate.framework/Versions/A/Frameworks/vecLib.framework/Versions/A/libBLAS.dylib
0x00007fff2b673000 	/System/Library/Frameworks/Accelerate.framework/Versions/A/Frameworks/vecLib.framework/Versions/A/libLAPACK.dylib
0x00007fff2ba0f000 	/System/Library/Frameworks/Accelerate.framework/Versions/A/Frameworks/vecLib.framework/Versions/A/libLinearAlgebra.dylib
0x00007fff2ba9c000 	/System/Library/Frameworks/Accelerate.framework/Versions/A/Frameworks/vecLib.framework/Versions/A/libSparseBLAS.dylib
0x00007fff2ba25000 	/System/Library/Frameworks/Accelerate.framework/Versions/A/Frameworks/vecLib.framework/Versions/A/libQuadrature.dylib
0x00007fff2b19f000 	/System/Library/Frameworks/Accelerate.framework/Versions/A/Frameworks/vecLib.framework/Versions/A/libBNNS.dylib
0x00007fff2ba2b000 	/System/Library/Frameworks/Accelerate.framework/Versions/A/Frameworks/vecLib.framework/Versions/A/libSparse.dylib
0x00007fff541a3000 	/System/Library/PrivateFrameworks/LanguageModeling.framework/Versions/A/LanguageModeling
0x00007fff469e2000 	/System/Library/PrivateFrameworks/CoreEmoji.framework/Versions/A/CoreEmoji
0x00007fff542c1000 	/System/Library/PrivateFrameworks/LinguisticData.framework/Versions/A/LinguisticData
0x00007fff54272000 	/System/Library/PrivateFrameworks/Lexicon.framework/Versions/A/Lexicon
0x00007fff65ece000 	/usr/lib/libcmph.dylib
0x00007fff381d3000 	/System/Library/Frameworks/OpenDirectory.framework/Versions/A/Frameworks/CFOpenDirectory.framework/Versions/A/CFOpenDirectory
0x00007fff381f0000 	/System/Library/Frameworks/OpenDirectory.framework/Versions/A/OpenDirectory
0x00007fff40631000 	/System/Library/PrivateFrameworks/APFS.framework/Versions/A/APFS
0x00007fff3b8e0000 	/System/Library/Frameworks/SecurityFoundation.framework/Versions/A/SecurityFoundation
0x00007fff67f94000 	/usr/lib/libutil.dylib
0x00007fff47f17000 	/System/Library/PrivateFrameworks/CoreServicesStore.framework/Versions/A/CoreServicesStore
0x00007fff3b997000 	/System/Library/Frameworks/ServiceManagement.framework/Versions/A/ServiceManagement
0x00007fff43bd1000 	/System/Library/PrivateFrameworks/BackgroundTaskManagement.framework/Versions/A/BackgroundTaskManagement
0x00007fff68091000 	/usr/lib/libxslt.1.dylib
0x00007fff42a74000 	/System/Library/PrivateFrameworks/AppleSystemInfo.framework/Versions/A/AppleSystemInfo
0x00007fff31d88000 	/System/Library/Frameworks/ImageIO.framework/Versions/A/Resources/libJPEG.dylib
0x00007fff32047000 	/System/Library/Frameworks/ImageIO.framework/Versions/A/Resources/libTIFF.dylib
0x00007fff3202a000 	/System/Library/Frameworks/ImageIO.framework/Versions/A/Resources/libPng.dylib
0x00007fff31cca000 	/System/Library/Frameworks/ImageIO.framework/Versions/A/Resources/libGIF.dylib
0x00007fff31cce000 	/System/Library/Frameworks/ImageIO.framework/Versions/A/Resources/libJP2.dylib
0x00007fff32045000 	/System/Library/Frameworks/ImageIO.framework/Versions/A/Resources/libRadiance.dylib
0x00007fff66910000 	/usr/lib/libexpat.1.dylib
0x00007fff4255c000 	/System/Library/PrivateFrameworks/AppleJPEG.framework/Versions/A/AppleJPEG
0x00007fff4b217000 	/System/Library/PrivateFrameworks/FontServices.framework/libFontParser.dylib
0x00007fff61abd000 	/System/Library/PrivateFrameworks/WatchdogClient.framework/Versions/A/WatchdogClient
0x00007fff537fe000 	/System/Library/PrivateFrameworks/IOAccelerator.framework/Versions/A/IOAccelerator
0x00007fff34554000 	/System/Library/Frameworks/MetalPerformanceShaders.framework/Versions/A/MetalPerformanceShaders
0x00007fff4ff94000 	/System/Library/PrivateFrameworks/GPUWrangler.framework/Versions/A/GPUWrangler
0x00007fff53813000 	/System/Library/PrivateFrameworks/IOPresentment.framework/Versions/A/IOPresentment
0x00007fff48a97000 	/System/Library/PrivateFrameworks/DSExternalDisplay.framework/Versions/A/DSExternalDisplay
0x00007fff38b64000 	/System/Library/Frameworks/OpenGL.framework/Versions/A/Libraries/libCoreFSCache.dylib
0x00007fff342a0000 	/System/Library/Frameworks/MetalPerformanceShaders.framework/Frameworks/MPSCore.framework/Versions/A/MPSCore
0x00007fff342de000 	/System/Library/Frameworks/MetalPerformanceShaders.framework/Frameworks/MPSImage.framework/Versions/A/MPSImage
0x00007fff343a5000 	/System/Library/Frameworks/MetalPerformanceShaders.framework/Frameworks/MPSNeuralNetwork.framework/Versions/A/MPSNeuralNetwork
0x00007fff34369000 	/System/Library/Frameworks/MetalPerformanceShaders.framework/Frameworks/MPSMatrix.framework/Versions/A/MPSMatrix
0x00007fff34504000 	/System/Library/Frameworks/MetalPerformanceShaders.framework/Frameworks/MPSRayIntersector.framework/Versions/A/MPSRayIntersector
0x00007fff3438f000 	/System/Library/Frameworks/MetalPerformanceShaders.framework/Frameworks/MPSNDArray.framework/Versions/A/MPSNDArray
0x00007fff5567c000 	/System/Library/PrivateFrameworks/MetalTools.framework/Versions/A/MetalTools
0x00007fff4180b000 	/System/Library/PrivateFrameworks/AggregateDictionary.framework/Versions/A/AggregateDictionary
0x00007fff4642a000 	/System/Library/PrivateFrameworks/CoreAnalytics.framework/Versions/A/CoreAnalytics
0x00007fff42993000 	/System/Library/PrivateFrameworks/AppleSauce.framework/Versions/A/AppleSauce
0x00007fff658ce000 	/usr/lib/libIOReport.dylib
0x00007fff30c54000 	/System/Library/Frameworks/CoreVideo.framework/Versions/A/CoreVideo
0x00007fff5140d000 	/System/Library/PrivateFrameworks/GraphVisualizer.framework/Versions/A/GraphVisualizer
0x00007fff4a75d000 	/System/Library/PrivateFrameworks/FaceCore.framework/Versions/A/FaceCore
0x00007fff3817a000 	/System/Library/Frameworks/OpenCL.framework/Versions/A/OpenCL
0x00007fff656f0000 	/usr/lib/libFosl_dynamic.dylib
0x00007fff56b52000 	/System/Library/PrivateFrameworks/OTSVG.framework/Versions/A/OTSVG
0x00007fff2ce09000 	/System/Library/Frameworks/ApplicationServices.framework/Versions/A/Frameworks/ATS.framework/Versions/A/Resources/libFontRegistry.dylib
0x00007fff4b3e8000 	/System/Library/PrivateFrameworks/FontServices.framework/libhvf.dylib
0x00007fff38b6f000 	/System/Library/Frameworks/OpenGL.framework/Versions/A/Libraries/libGFXShared.dylib
0x00007fff38d4d000 	/System/Library/Frameworks/OpenGL.framework/Versions/A/Libraries/libGLU.dylib
0x00007fff38b78000 	/System/Library/Frameworks/OpenGL.framework/Versions/A/Libraries/libGL.dylib
0x00007fff38b83000 	/System/Library/Frameworks/OpenGL.framework/Versions/A/Libraries/libGLImage.dylib
0x00007fff38b61000 	/System/Library/Frameworks/OpenGL.framework/Versions/A/Libraries/libCVMSPluginSupport.dylib
0x00007fff38b6a000 	/System/Library/Frameworks/OpenGL.framework/Versions/A/Libraries/libCoreVMClient.dylib
0x00007fff67362000 	/usr/lib/libncurses.5.4.dylib
0x00007fff2cd05000 	/System/Library/Frameworks/ApplicationServices.framework/Versions/A/Frameworks/ATS.framework/Versions/A/ATS
0x00007fff2ced2000 	/System/Library/Frameworks/ApplicationServices.framework/Versions/A/Frameworks/ColorSyncLegacy.framework/Versions/A/ColorSyncLegacy
0x00007fff2cf70000 	/System/Library/Frameworks/ApplicationServices.framework/Versions/A/Frameworks/HIServices.framework/Versions/A/HIServices
0x00007fff2cfc8000 	/System/Library/Frameworks/ApplicationServices.framework/Versions/A/Frameworks/LangAnalysis.framework/Versions/A/LangAnalysis
0x00007fff2cfd7000 	/System/Library/Frameworks/ApplicationServices.framework/Versions/A/Frameworks/PrintCore.framework/Versions/A/PrintCore
0x00007fff2d01d000 	/System/Library/Frameworks/ApplicationServices.framework/Versions/A/Frameworks/QD.framework/Versions/A/QD
0x00007fff2d028000 	/System/Library/Frameworks/ApplicationServices.framework/Versions/A/Frameworks/SpeechSynthesis.framework/Versions/A/SpeechSynthesis
0x00007fff2cea2000 	/System/Library/Frameworks/ApplicationServices.framework/Versions/A/Frameworks/ATSUI.framework/Versions/A/ATSUI
0x00007fff667a6000 	/usr/lib/libcups.2.dylib
0x00007fff335ef000 	/System/Library/Frameworks/Kerberos.framework/Versions/A/Kerberos
0x00007fff31730000 	/System/Library/Frameworks/GSS.framework/Versions/A/GSS
0x00007fff67ae5000 	/usr/lib/libresolv.9.dylib
0x00007fff515ba000 	/System/Library/PrivateFrameworks/Heimdal.framework/Versions/A/Heimdal
0x00007fff33602000 	/System/Library/Frameworks/Kerberos.framework/Versions/A/Libraries/libHeimdalProxy.dylib
0x00007fff6694d000 	/usr/lib/libheimdal-asn1.dylib
0x00007fff458c2000 	/System/Library/PrivateFrameworks/CommonAuth.framework/Versions/A/CommonAuth
0x00007fff42b11000 	/System/Library/PrivateFrameworks/AssertionServices.framework/Versions/A/AssertionServices
0x00007fff436b4000 	/System/Library/PrivateFrameworks/AudioToolboxCore.framework/Versions/A/AudioToolboxCore
0x00007fff6276b000 	/System/Library/PrivateFrameworks/caulk.framework/Versions/A/caulk
0x00007fff43c7d000 	/System/Library/PrivateFrameworks/BaseBoard.framework/Versions/A/BaseBoard
0x00007fff5adb5000 	/System/Library/PrivateFrameworks/RunningBoardServices.framework/Versions/A/RunningBoardServices
0x00007fff57dc6000 	/System/Library/PrivateFrameworks/PersistentConnection.framework/Versions/A/PersistentConnection
0x00007fff5a7ae000 	/System/Library/PrivateFrameworks/ProtocolBuffer.framework/Versions/A/ProtocolBuffer
0x00007fff458e6000 	/System/Library/PrivateFrameworks/CommonUtilities.framework/Versions/A/CommonUtilities
0x00007fff43e0b000 	/System/Library/PrivateFrameworks/Bom.framework/Versions/A/Bom
0x00007fff655a1000 	/usr/lib/libAudioToolboxUtility.dylib
0x00007fff43bdb000 	/System/Library/PrivateFrameworks/Backup.framework/Versions/A/Backup
0x00007fff489b8000 	/System/Library/PrivateFrameworks/CrashReporterSupport.framework/Versions/A/CrashReporterSupport
0x00007fff5c847000 	/System/Library/PrivateFrameworks/Sharing.framework/Versions/A/Sharing
0x00007fff4211f000 	/System/Library/PrivateFrameworks/Apple80211.framework/Versions/A/Apple80211
0x00007fff438f8000 	/System/Library/PrivateFrameworks/AuthKit.framework/Versions/A/AuthKit
0x00007fff486c5000 	/System/Library/PrivateFrameworks/CoreUtils.framework/Versions/A/CoreUtils
0x00007fff30c99000 	/System/Library/Frameworks/CoreWLAN.framework/Versions/A/CoreWLAN
0x00007fff318bd000 	/System/Library/Frameworks/IOBluetooth.framework/Versions/A/IOBluetooth
0x00007fff55981000 	/System/Library/PrivateFrameworks/MobileKeyBag.framework/Versions/A/MobileKeyBag
0x00007fff474ca000 	/System/Library/PrivateFrameworks/CorePhoneNumbers.framework/Versions/A/CorePhoneNumbers
0x00007fff4250f000 	/System/Library/PrivateFrameworks/AppleIDAuthSupport.framework/Versions/A/AppleIDAuthSupport
0x00007fff355f1000 	/System/Library/Frameworks/Network.framework/Versions/A/Network
0x00007fff5404f000 	/System/Library/PrivateFrameworks/KeychainCircle.framework/Versions/A/KeychainCircle
0x00007fff2e6ea000 	/System/Library/Frameworks/CoreBluetooth.framework/Versions/A/CoreBluetooth
0x00007fff5e8c6000 	/System/Library/PrivateFrameworks/SpeechRecognitionCore.framework/Versions/A/SpeechRecognitionCore
0x00007fff21d0c000 	/System/Library/CoreServices/Encodings/libSimplifiedChineseConverter.dylib
0x000000010fa00000 	/Users/wetor/jdk8u/build/macosx-x86_64-normal-server-release/jdk/lib/server/libjvm.dylib
0x00007fff67e67000 	/usr/lib/libstdc++.6.dylib
0x000000010e90d000 	/Users/wetor/jdk8u/build/macosx-x86_64-normal-server-release/jdk/lib/libverify.dylib
0x000000010e91a000 	/Users/wetor/jdk8u/build/macosx-x86_64-normal-server-release/jdk/lib/libjava.dylib
0x000000010e965000 	/Users/wetor/jdk8u/build/macosx-x86_64-normal-server-release/jdk/lib/libzip.dylib

VM Arguments:
jvm_args: -Dapplication.home=/Users/wetor/jdk8u/build/macosx-x86_64-normal-server-release/jdk -Xms8m 
java_command: com.sun.tools.javac.Main --version
java_class_path (initial): /Users/wetor/jdk8u/build/macosx-x86_64-normal-server-release/jdk/lib/tools.jar:/Users/wetor/jdk8u/build/macosx-x86_64-normal-server-release/jdk/classes
Launcher Type: SUN_STANDARD

Environment Variables:
PATH=/usr/local/opt/libxml2/bin:/usr/local/opt/gettext/bin:/usr/local/bin:/usr/bin:/bin:/usr/sbin:/sbin:/usr/local/share/dotnet:/opt/X11/bin:~/.dotnet/tools:/Library/Frameworks/Mono.framework/Versions/Current/Commands:/usr/local/mysql/bin:/Users/wetor/go/bin:/Users/wetor/.dotnet/tools
SHELL=/bin/zsh

Signal Handlers:
SIGSEGV: [libjvm.dylib+0x561fe7], sa_mask[0]=11111111011111110111111111111111, sa_flags=SA_ONSTACK|SA_RESTART|SA_SIGINFO
SIGBUS: [libjvm.dylib+0x561fe7], sa_mask[0]=11111111011111110111111111111111, sa_flags=SA_RESTART|SA_SIGINFO
SIGFPE: [libjvm.dylib+0x45e373], sa_mask[0]=11111111011111110111111111111111, sa_flags=SA_RESTART|SA_SIGINFO
SIGPIPE: [libjvm.dylib+0x45e373], sa_mask[0]=11111111011111110111111111111111, sa_flags=SA_RESTART|SA_SIGINFO
SIGXFSZ: [libjvm.dylib+0x45e373], sa_mask[0]=11111111011111110111111111111111, sa_flags=SA_RESTART|SA_SIGINFO
SIGILL: [libjvm.dylib+0x45e373], sa_mask[0]=11111111011111110111111111111111, sa_flags=SA_RESTART|SA_SIGINFO
SIGUSR1: SIG_DFL, sa_mask[0]=00000000000000000000000000000000, sa_flags=SA_RESTART
SIGUSR2: [libjvm.dylib+0x45ec62], sa_mask[0]=00000000000000000000000000000000, sa_flags=SA_RESTART|SA_SIGINFO
SIGHUP: [libjvm.dylib+0x45cebf], sa_mask[0]=11111111011111110111111111111111, sa_flags=SA_RESTART|SA_SIGINFO
SIGINT: [libjvm.dylib+0x45cebf], sa_mask[0]=11111111011111110111111111111111, sa_flags=SA_RESTART|SA_SIGINFO
SIGTERM: [libjvm.dylib+0x45cebf], sa_mask[0]=11111111011111110111111111111111, sa_flags=SA_RESTART|SA_SIGINFO
SIGQUIT: [libjvm.dylib+0x45cebf], sa_mask[0]=11111111011111110111111111111111, sa_flags=SA_RESTART|SA_SIGINFO


---------------  S Y S T E M  ---------------

OS:Bsduname:Darwin 19.6.0 Darwin Kernel Version 19.6.0: Mon Aug 31 22:12:52 PDT 2020; root:xnu-6153.141.2~1/RELEASE_X86_64 x86_64
rlimit: STACK 8192k, CORE 0k, NPROC 2784, NOFILE 10240, AS infinity
load average:3.45 7.06 5.90

CPU:total 8 (initial active 8) (4 cores per cpu, 2 threads per core) family 6 model 142 stepping 10, cmov, cx8, fxsr, mmx, sse, sse2, sse3, ssse3, sse4.1, sse4.2, popcnt, avx, avx2, aes, clmul, erms, 3dnowpref, lzcnt, ht, tsc, tscinvbit, bmi1, bmi2, adx

Memory: 4k page, physical 16777216k(1159360k free)

/proc/meminfo:


vm_info: OpenJDK 64-Bit Server VM (25.71-b00) for bsd-amd64 JRE (1.8.0-internal-etor_2021_03_20_18_42-b00), built on Mar 20 2021 18:53:40 by "wetor" with gcc 4.2.1 Compatible Apple LLVM 11.0.0 (clang-1100.0.33.17)

time: Sat Mar 20 19:04:31 2021
timezone: CST
elapsed time: 0 seconds (0d 0h 0m 0s)

